Command line:
   Simulacion_isim_beh.exe
     -simmode  gui
     -simrunnum  0
     -socket  50465

Sat Sep 21 12:23:53 2013


 Elaboration Time: 0.093601 sec

 Current Memory Usage: 812.351 Meg

 Total Signals          : 21
 Total Nets             : 35
 Total Signal Drivers   : 13
 Total Blocks           : 5
 Total Primitive Blocks : 4
 Total Processes        : 13
 Total Traceable Variables  : 30
 Total Scalar Nets and Variables : 500
Total Line Count : 41

 Total Simulation Time: 0.140401 sec

 Current Memory Usage: 812.351 Meg

Sat Sep 21 12:24:20 2013

