Command line:
   SimulacionControl_isim_beh.exe
     -simmode  gui
     -simrunnum  0
     -socket  51604

Sat Sep 21 15:27:19 2013


 Elaboration Time: 0.0624 sec

 Current Memory Usage: 812.548 Meg

 Total Signals          : 30
 Total Nets             : 47
 Total Signal Drivers   : 16
 Total Blocks           : 7
 Total Primitive Blocks : 5
 Total Processes        : 17
 Total Traceable Variables  : 32
 Total Scalar Nets and Variables : 520
Total Line Count : 47

 Total Simulation Time: 0.140401 sec

 Current Memory Usage: 655.262 Meg

Sat Sep 21 16:23:32 2013

