Release 14.6 - xst P.68d (nt)
Copyright (c) 1995-2013 Xilinx, Inc.  All rights reserved.
--> Parameter TMPDIR set to xst/projnav.tmp


Total REAL time to Xst completion: 0.00 secs
Total CPU time to Xst completion: 0.17 secs
 
--> Parameter xsthdpdir set to xst


Total REAL time to Xst completion: 0.00 secs
Total CPU time to Xst completion: 0.17 secs
 
--> Reading design: ram_sp_sr_sw.prj

TABLE OF CONTENTS
  1) Synthesis Options Summary
  2) HDL Compilation
  3) Design Hierarchy Analysis
  4) HDL Analysis
  5) HDL Synthesis
     5.1) HDL Synthesis Report
  6) Advanced HDL Synthesis
     6.1) Advanced HDL Synthesis Report
  7) Low Level Synthesis
  8) Partition Report
  9) Final Report
	9.1) Device utilization summary
	9.2) Partition Resource Summary
	9.3) TIMING REPORT


=========================================================================
*                      Synthesis Options Summary                        *
=========================================================================
---- Source Parameters
Input File Name                    : "ram_sp_sr_sw.prj"
Input Format                       : mixed
Ignore Synthesis Constraint File   : NO

---- Target Parameters
Output File Name                   : "ram_sp_sr_sw"
Output Format                      : NGC
Target Device                      : xc3s200-4-ft256

---- Source Options
Top Module Name                    : ram_sp_sr_sw
Automatic FSM Extraction           : YES
FSM Encoding Algorithm             : Auto
Safe Implementation                : No
FSM Style                          : LUT
RAM Extraction                     : Yes
RAM Style                          : Auto
ROM Extraction                     : Yes
Mux Style                          : Auto
Decoder Extraction                 : YES
Priority Encoder Extraction        : Yes
Shift Register Extraction          : YES
Logical Shifter Extraction         : YES
XOR Collapsing                     : YES
ROM Style                          : Auto
Mux Extraction                     : Yes
Resource Sharing                   : YES
Asynchronous To Synchronous        : NO
Multiplier Style                   : Auto
Automatic Register Balancing       : No

---- Target Options
Add IO Buffers                     : YES
Global Maximum Fanout              : 100000
Add Generic Clock Buffer(BUFG)     : 8
Register Duplication               : YES
Slice Packing                      : YES
Optimize Instantiated Primitives   : NO
Use Clock Enable                   : Yes
Use Synchronous Set                : Yes
Use Synchronous Reset              : Yes
Pack IO Registers into IOBs        : Auto
Equivalent register Removal        : YES

---- General Options
Optimization Goal                  : Speed
Optimization Effort                : 1
Keep Hierarchy                     : No
Netlist Hierarchy                  : As_Optimized
RTL Output                         : Yes
Global Optimization                : AllClockNets
Read Cores                         : YES
Write Timing Constraints           : NO
Cross Clock Analysis               : NO
Hierarchy Separator                : /
Bus Delimiter                      : <>
Case Specifier                     : Maintain
Slice Utilization Ratio            : 100
BRAM Utilization Ratio             : 100
Verilog 2001                       : YES
Auto BRAM Packing                  : NO
Slice Utilization Ratio Delta      : 5

=========================================================================


=========================================================================
*                          HDL Compilation                              *
=========================================================================
Compiling verilog file "RAM.v" in library work
Module <ram_sp_sr_sw> compiled
No errors in compilation
Analysis of file <"ram_sp_sr_sw.prj"> succeeded.
 

=========================================================================
*                     Design Hierarchy Analysis                         *
=========================================================================
Analyzing hierarchy for module <ram_sp_sr_sw> in library <work> with parameters.
	ADDR_WIDTH = "00000000000000000000000000000100"
	DATA_WIDTH = "00000000000000000000000000000100"
	RAM_DEPTH = "00000000000000000000000000010000"


=========================================================================
*                            HDL Analysis                               *
=========================================================================
Analyzing top module <ram_sp_sr_sw>.
	ADDR_WIDTH = 32'sb00000000000000000000000000000100
	DATA_WIDTH = 32'sb00000000000000000000000000000100
	RAM_DEPTH = 32'sb00000000000000000000000000010000
Module <ram_sp_sr_sw> is correct for synthesis.
 

=========================================================================
*                           HDL Synthesis                               *
=========================================================================

Performing bidirectional port resolution...

Synthesizing Unit <ram_sp_sr_sw>.
    Related source file is "RAM.v".
    Found 16x4-bit single-port RAM <Mram_mem> for signal <mem>.
    Found 4-bit tristate buffer for signal <data>.
    Found 4-bit register for signal <data_out>.
    Summary:
	inferred   1 RAM(s).
	inferred   4 D-type flip-flop(s).
	inferred   4 Tristate(s).
Unit <ram_sp_sr_sw> synthesized.


=========================================================================
HDL Synthesis Report

Macro Statistics
# RAMs                                                 : 1
 16x4-bit single-port RAM                              : 1
# Registers                                            : 1
 4-bit register                                        : 1
# Tristates                                            : 1
 4-bit tristate buffer                                 : 1

=========================================================================

=========================================================================
*                       Advanced HDL Synthesis                          *
=========================================================================


Synthesizing (advanced) Unit <ram_sp_sr_sw>.
INFO:Xst:3231 - The small RAM <Mram_mem> will be implemented on LUTs in order to maximize performance and save block RAM resources. If you want to force its implementation on block, use option/constraint ram_style.
    -----------------------------------------------------------------------
    | ram_type           | Distributed                         |          |
    -----------------------------------------------------------------------
    | Port A                                                              |
    |     aspect ratio   | 16-word x 4-bit                     |          |
    |     clkA           | connected to signal <clk>           | rise     |
    |     weA            | connected to signal <_and0000>      | high     |
    |     addrA          | connected to signal <address>       |          |
    |     diA            | connected to signal <data>          |          |
    |     doA            | connected to internal node          |          |
    -----------------------------------------------------------------------
Unit <ram_sp_sr_sw> synthesized (advanced).

=========================================================================
Advanced HDL Synthesis Report

Macro Statistics
# RAMs                                                 : 1
 16x4-bit single-port distributed RAM                  : 1
# Registers                                            : 4
 Flip-Flops                                            : 4

=========================================================================

=========================================================================
*                         Low Level Synthesis                           *
=========================================================================

Optimizing unit <ram_sp_sr_sw> ...

Mapping all equations...
Building and optimizing final netlist ...
Found area constraint ratio of 100 (+ 5) on block ram_sp_sr_sw, actual ratio is 0.

Final Macro Processing ...

=========================================================================
Final Register Report

Macro Statistics
# Registers                                            : 4
 Flip-Flops                                            : 4

=========================================================================

=========================================================================
*                           Partition Report                            *
=========================================================================

Partition Implementation Status
-------------------------------

  No Partitions were found in this design.

-------------------------------

=========================================================================
*                            Final Report                               *
=========================================================================
Final Results
RTL Top Level Output File Name     : ram_sp_sr_sw.ngr
Top Level Output File Name         : ram_sp_sr_sw
Output Format                      : NGC
Optimization Goal                  : Speed
Keep Hierarchy                     : No

Design Statistics
# IOs                              : 12

Cell Usage :
# BELS                             : 3
#      LUT2                        : 1
#      LUT3                        : 2
# FlipFlops/Latches                : 4
#      FDE                         : 4
# RAMS                             : 4
#      RAM16X1S                    : 4
# Clock Buffers                    : 1
#      BUFGP                       : 1
# IO Buffers                       : 11
#      IBUF                        : 7
#      IOBUF                       : 4
=========================================================================

Device utilization summary:
---------------------------

Selected Device : 3s200ft256-4 

 Number of Slices:                        4  out of   1920     0%  
 Number of Slice Flip Flops:              4  out of   3840     0%  
 Number of 4 input LUTs:                  7  out of   3840     0%  
    Number used as logic:                 3
    Number used as RAMs:                  4
 Number of IOs:                          12
 Number of bonded IOBs:                  12  out of    173     6%  
 Number of GCLKs:                         1  out of      8    12%  

---------------------------
Partition Resource Summary:
---------------------------

  No Partitions were found in this design.

---------------------------


=========================================================================
TIMING REPORT

NOTE: THESE TIMING NUMBERS ARE ONLY A SYNTHESIS ESTIMATE.
      FOR ACCURATE TIMING INFORMATION PLEASE REFER TO THE TRACE REPORT
      GENERATED AFTER PLACE-and-ROUTE.

Clock Information:
------------------
-----------------------------------+------------------------+-------+
Clock Signal                       | Clock buffer(FF name)  | Load  |
-----------------------------------+------------------------+-------+
clk                                | BUFGP                  | 8     |
-----------------------------------+------------------------+-------+

Asynchronous Control Signals Information:
----------------------------------------
No asynchronous control signals found in this design

Timing Summary:
---------------
Speed Grade: -4

   Minimum period: 2.788ns (Maximum Frequency: 358.680MHz)
   Minimum input arrival time before clock: 4.137ns
   Maximum output required time after clock: 7.165ns
   Maximum combinational path delay: 9.422ns

Timing Detail:
--------------
All values displayed in nanoseconds (ns)

=========================================================================
Timing constraint: Default period analysis for Clock 'clk'
  Clock period: 2.788ns (frequency: 358.680MHz)
  Total number of paths / destination ports: 4 / 4
-------------------------------------------------------------------------
Delay:               2.788ns (Levels of Logic = 0)
  Source:            Mram_mem1 (RAM)
  Destination:       data_out_0 (FF)
  Source Clock:      clk rising
  Destination Clock: clk rising

  Data Path: Mram_mem1 to data_out_0
                                Gate     Net
    Cell:in->out      fanout   Delay   Delay  Logical Name (Net Name)
    ----------------------------------------  ------------
     RAM16X1S:WCLK->O      1   1.784   0.801  Mram_mem1 (_varindex0000<0>)
     FDE:D                     0.203          data_out_0
    ----------------------------------------
    Total                      2.788ns (1.987ns logic, 0.801ns route)
                                       (71.3% logic, 28.7% route)

=========================================================================
Timing constraint: Default OFFSET IN BEFORE for Clock 'clk'
  Total number of paths / destination ports: 56 / 32
-------------------------------------------------------------------------
Offset:              4.137ns (Levels of Logic = 2)
  Source:            cs (PAD)
  Destination:       data_out_0 (FF)
  Destination Clock: clk rising

  Data Path: cs to data_out_0
                                Gate     Net
    Cell:in->out      fanout   Delay   Delay  Logical Name (Net Name)
    ----------------------------------------  ------------
     IBUF:I->O             3   0.821   1.246  cs_IBUF (cs_IBUF)
     LUT3:I0->O            4   0.551   0.917  data_out_and00001 (data_out_and0000)
     FDE:CE                    0.602          data_out_0
    ----------------------------------------
    Total                      4.137ns (1.974ns logic, 2.163ns route)
                                       (47.7% logic, 52.3% route)

=========================================================================
Timing constraint: Default OFFSET OUT AFTER for Clock 'clk'
  Total number of paths / destination ports: 4 / 4
-------------------------------------------------------------------------
Offset:              7.165ns (Levels of Logic = 1)
  Source:            data_out_3 (FF)
  Destination:       data<3> (PAD)
  Source Clock:      clk rising

  Data Path: data_out_3 to data<3>
                                Gate     Net
    Cell:in->out      fanout   Delay   Delay  Logical Name (Net Name)
    ----------------------------------------  ------------
     FDE:C->Q              1   0.720   0.801  data_out_3 (data_out_3)
     IOBUF:I->IO               5.644          data_3_IOBUF (data<3>)
    ----------------------------------------
    Total                      7.165ns (6.364ns logic, 0.801ns route)
                                       (88.8% logic, 11.2% route)

=========================================================================
Timing constraint: Default path analysis
  Total number of paths / destination ports: 12 / 4
-------------------------------------------------------------------------
Delay:               9.422ns (Levels of Logic = 3)
  Source:            we (PAD)
  Destination:       data<3> (PAD)

  Data Path: we to data<3>
                                Gate     Net
    Cell:in->out      fanout   Delay   Delay  Logical Name (Net Name)
    ----------------------------------------  ------------
     IBUF:I->O             3   0.821   1.246  we_IBUF (we_IBUF)
     LUT3:I0->O            4   0.551   0.917  data_out_and0000_inv1 (data_out_and0000_inv)
     IOBUF:T->IO               5.887          data_3_IOBUF (data<3>)
    ----------------------------------------
    Total                      9.422ns (7.259ns logic, 2.163ns route)
                                       (77.0% logic, 23.0% route)

=========================================================================


Total REAL time to Xst completion: 6.00 secs
Total CPU time to Xst completion: 6.60 secs
 
--> 

Total memory usage is 201852 kilobytes

Number of errors   :    0 (   0 filtered)
Number of warnings :    0 (   0 filtered)
Number of infos    :    1 (   0 filtered)

