Command line:
   Simulacion2_isim_beh.exe
     -simmode  gui
     -simrunnum  0
     -socket  53258

Sun Sep 22 12:07:17 2013


 Elaboration Time: 0.0624 sec

 Current Memory Usage: 812.614 Meg

 Total Signals          : 25
 Total Nets             : 51
 Total Signal Drivers   : 17
 Total Blocks           : 5
 Total Primitive Blocks : 4
 Total Processes        : 17
 Total Traceable Variables  : 32
 Total Scalar Nets and Variables : 524
Total Line Count : 46

 Total Simulation Time: 0.187201 sec

 Current Memory Usage: 655.327 Meg

Sun Sep 22 13:16:30 2013

